taekwongoFront/android/app/build/outputs/logs/manifest-merger-debug-report.txt
-- Merging decision tree log ---
manifest
ADDED from src/main/AndroidManifest.xml:1:1-26:12
	package
		ADDED from src/main/AndroidManifest.xml:2:5-33
		INJECTED from src/main/AndroidManifest.xml
		INJECTED from src/main/AndroidManifest.xml
	android:versionName
		INJECTED from src/main/AndroidManifest.xml
		INJECTED from src/main/AndroidManifest.xml
	xmlns:android
		ADDED from src/main/AndroidManifest.xml:1:11-69
	android:versionCode
		INJECTED from src/main/AndroidManifest.xml
		INJECTED from src/main/AndroidManifest.xml
uses-permission#android.permission.INTERNET
ADDED from src/main/AndroidManifest.xml:4:5-67
MERGED from [taekwongoFront:rn-fetch-blob:unspecified] AndroidManifest.xml:15:5-67
	android:name
		ADDED from src/main/AndroidManifest.xml:4:22-64
uses-permission#android.permission.SYSTEM_ALERT_WINDOW
ADDED from src/main/AndroidManifest.xml:5:5-77
MERGED from [com.facebook.react:react-native:0.55.2] AndroidManifest.xml:11:5-78
	android:name
		ADDED from src/main/AndroidManifest.xml:5:22-75
application
ADDED from src/main/AndroidManifest.xml:7:5-24:19
MERGED from [taekwongoFront:rn-fetch-blob:unspecified] AndroidManifest.xml:35:5-45:19
MERGED from [com.facebook.react:react-native:0.55.2] AndroidManifest.xml:13:5-20
MERGED from [com.android.support:appcompat-v7:23.0.1] AndroidManifest.xml:22:5-20
MERGED from [com.android.support:support-v4:23.0.1] AndroidManifest.xml:22:5-20
MERGED from [com.facebook.soloader:soloader:0.1.0] AndroidManifest.xml:3:3-17
MERGED from [org.webkit:android-jsc:r174650] AndroidManifest.xml:2:3-17
	android:label
		ADDED from src/main/AndroidManifest.xml:9:7-39
	android:allowBackup
		ADDED from src/main/AndroidManifest.xml:11:7-34
	android:icon
		ADDED from src/main/AndroidManifest.xml:10:7-41
	android:theme
		ADDED from src/main/AndroidManifest.xml:12:7-38
	android:name
		ADDED from src/main/AndroidManifest.xml:8:7-38
activity#com.taekwongofront.MainActivity
ADDED from src/main/AndroidManifest.xml:13:7-22:18
	android:label
		ADDED from src/main/AndroidManifest.xml:15:9-41
	android:windowSoftInputMode
		ADDED from src/main/AndroidManifest.xml:17:9-51
	android:configChanges
		ADDED from src/main/AndroidManifest.xml:16:9-79
	android:name
		ADDED from src/main/AndroidManifest.xml:14:9-37
intent-filter#android.intent.action.MAIN+android.intent.category.LAUNCHER
ADDED from src/main/AndroidManifest.xml:18:9-21:25
action#android.intent.action.MAIN
ADDED from src/main/AndroidManifest.xml:19:13-65
	android:name
		ADDED from src/main/AndroidManifest.xml:19:21-62
category#android.intent.category.LAUNCHER
ADDED from src/main/AndroidManifest.xml:20:13-73
	android:name
		ADDED from src/main/AndroidManifest.xml:20:23-70
activity#com.facebook.react.devsupport.DevSettingsActivity
ADDED from src/main/AndroidManifest.xml:23:7-84
	android:name
		ADDED from src/main/AndroidManifest.xml:23:17-81
uses-sdk
INJECTED from src/main/AndroidManifest.xml reason: use-sdk injection requested
MERGED from [taekwongoFront:react-native-orientation:unspecified] AndroidManifest.xml:7:5-9:41
MERGED from [taekwongoFront:react-native-keep-awake:unspecified] AndroidManifest.xml:7:5-9:41
MERGED from [taekwongoFront:react-native-linear-gradient:unspecified] AndroidManifest.xml:7:5-9:41
MERGED from [taekwongoFront:rn-fetch-blob:unspecified] AndroidManifest.xml:7:5-9:41
MERGED from [taekwongoFront:react-native-video:unspecified] AndroidManifest.xml:7:5-9:41
MERGED from [com.google.android.exoplayer:exoplayer:2.7.3] AndroidManifest.xml:20:5-22:41
MERGED from [com.google.android.exoplayer:exoplayer-dash:2.7.3] AndroidManifest.xml:20:5-22:41
MERGED from [com.google.android.exoplayer:exoplayer-hls:2.7.3] AndroidManifest.xml:20:5-22:41
MERGED from [com.google.android.exoplayer:exoplayer-smoothstreaming:2.7.3] AndroidManifest.xml:20:5-22:41
MERGED from [com.google.android.exoplayer:exoplayer-ui:2.7.3] AndroidManifest.xml:20:5-22:41
MERGED from [com.google.android.exoplayer:extension-okhttp:2.7.3] AndroidManifest.xml:20:5-22:41
MERGED from [com.google.android.exoplayer:exoplayer-core:2.7.3] AndroidManifest.xml:20:5-22:41
MERGED from [taekwongoFront:react-native-vector-icons:unspecified] AndroidManifest.xml:7:5-9:41
MERGED from [taekwongoFront:react-native-svg:unspecified] AndroidManifest.xml:5:5-7:41
MERGED from [taekwongoFront:react-native-fs:unspecified] AndroidManifest.xml:7:5-9:41
MERGED from [com.facebook.react:react-native:0.55.2] AndroidManifest.xml:7:5-9:41
MERGED from [com.android.support:appcompat-v7:23.0.1] AndroidManifest.xml:20:5-43
MERGED from [com.android.support:support-v4:23.0.1] AndroidManifest.xml:20:5-43
MERGED from [com.facebook.fbui.textlayoutbuilder:textlayoutbuilder:1.0.0] AndroidManifest.xml:14:5-16:41
MERGED from [com.facebook.fresco:fresco:1.3.0] AndroidManifest.xml:5:5-7:41
MERGED from [com.facebook.fresco:drawee:1.3.0] AndroidManifest.xml:5:5-7:41
MERGED from [com.facebook.fresco:imagepipeline-okhttp3:1.3.0] AndroidManifest.xml:5:5-7:41
MERGED from [com.facebook.fresco:imagepipeline:1.3.0] AndroidManifest.xml:5:5-7:41
MERGED from [com.facebook.fresco:imagepipeline-base:1.3.0] AndroidManifest.xml:5:5-7:41
MERGED from [com.facebook.fresco:fbcore:1.3.0] AndroidManifest.xml:5:5-7:41
MERGED from [com.facebook.soloader:soloader:0.1.0] AndroidManifest.xml:2:3-70
	android:targetSdkVersion
		INJECTED from src/main/AndroidManifest.xml
		INJECTED from src/main/AndroidManifest.xml
	android:minSdkVersion
		INJECTED from src/main/AndroidManifest.xml
		INJECTED from src/main/AndroidManifest.xml
uses-permission#com.android.vending.CHECK_LICENSE
ADDED from [taekwongoFront:rn-fetch-blob:unspecified] AndroidManifest.xml:12:5-73
	android:name
		ADDED from [taekwongoFront:rn-fetch-blob:unspecified] AndroidManifest.xml:12:22-70
uses-permission#android.permission.WAKE_LOCK
ADDED from [taekwongoFront:rn-fetch-blob:unspecified] AndroidManifest.xml:21:5-68
	android:name
		ADDED from [taekwongoFront:rn-fetch-blob:unspecified] AndroidManifest.xml:21:22-65
uses-permission#android.permission.ACCESS_NETWORK_STATE
ADDED from [taekwongoFront:rn-fetch-blob:unspecified] AndroidManifest.xml:27:5-79
	android:name
		ADDED from [taekwongoFront:rn-fetch-blob:unspecified] AndroidManifest.xml:27:22-76
uses-permission#android.permission.ACCESS_WIFI_STATE
ADDED from [taekwongoFront:rn-fetch-blob:unspecified] AndroidManifest.xml:30:5-76
	android:name
		ADDED from [taekwongoFront:rn-fetch-blob:unspecified] AndroidManifest.xml:30:22-73
uses-permission#android.permission.WRITE_EXTERNAL_STORAGE
ADDED from [taekwongoFront:rn-fetch-blob:unspecified] AndroidManifest.xml:33:5-81
MERGED from [taekwongoFront:react-native-fs:unspecified] AndroidManifest.xml:11:5-81
	android:name
		ADDED from [taekwongoFront:rn-fetch-blob:unspecified] AndroidManifest.xml:33:22-78
provider#android.support.v4.content.FileProvider
ADDED from [taekwongoFront:rn-fetch-blob:unspecified] AndroidManifest.xml:36:9-44:20
	android:authorities
		ADDED from [taekwongoFront:rn-fetch-blob:unspecified] AndroidManifest.xml:38:13-60
	android:grantUriPermissions
		ADDED from [taekwongoFront:rn-fetch-blob:unspecified] AndroidManifest.xml:40:13-47
	android:exported
		ADDED from [taekwongoFront:rn-fetch-blob:unspecified] AndroidManifest.xml:39:13-37
	android:name
		ADDED from [taekwongoFront:rn-fetch-blob:unspecified] AndroidManifest.xml:37:13-67
meta-data#android.support.FILE_PROVIDER_PATHS
ADDED from [taekwongoFront:rn-fetch-blob:unspecified] AndroidManifest.xml:41:13-43:58
	android:resource
		ADDED from [taekwongoFront:rn-fetch-blob:unspecified] AndroidManifest.xml:43:17-55
	android:name
		ADDED from [taekwongoFront:rn-fetch-blob:unspecified] AndroidManifest.xml:42:17-67
android:uses-permission#android.permission.READ_PHONE_STATE
IMPLIED from src/main/AndroidManifest.xml:1:1-26:12 reason: org.webkit.android_jsc has a targetSdkVersion < 4
android:uses-permission#android.permission.READ_EXTERNAL_STORAGE
IMPLIED from src/main/AndroidManifest.xml:1:1-26:12 reason: org.webkit.android_jsc requested WRITE_EXTERNAL_STORAGE